# JRE version: Java(TM) SE Runtime Environment (8.0_321-b07) (build 1.8.0_321-b07)
# Java VM: Java HotSpot(TM) 64-Bit Server VM (25.321-b07 mixed mode bsd-amd64 compressed oops)
Heap:
 PSYoungGen      total 76288K, used 11161K [0x000000076ab00000, 0x0000000770000000, 0x00000007c0000000)
  eden space 65536K, 17% used [0x000000076ab00000,0x000000076b5e67d8,0x000000076eb00000)
  from space 10752K, 0% used [0x000000076eb00000,0x000000076eb00000,0x000000076f580000)
  to   space 10752K, 0% used [0x000000076f580000,0x000000076f580000,0x0000000770000000)
 ParOldGen       total 82944K, used 13859K [0x00000006c0000000, 0x00000006c5100000, 0x000000076ab00000)
  object space 82944K, 16% used [0x00000006c0000000,0x00000006c0d88e88,0x00000006c5100000)
 Metaspace       used 22519K, capacity 23382K, committed 23552K, reserved 1069056K
  class space    used 3005K, capacity 3219K, committed 3328K, reserved 1048576K
GC Heap History (8 events):
Event: 44.520 GC heap before
{Heap before GC invocations=1 (full 0):
 PSYoungGen      total 76288K, used 65536K [0x000000076ab00000, 0x0000000770000000, 0x00000007c0000000)
  eden space 65536K, 100% used [0x000000076ab00000,0x000000076eb00000,0x000000076eb00000)
  from space 10752K, 0% used [0x000000076f580000,0x000000076f580000,0x0000000770000000)
  to   space 10752K, 0% used [0x000000076eb00000,0x000000076eb00000,0x000000076f580000)
 ParOldGen       total 175104K, used 0K [0x00000006c0000000, 0x00000006cab00000, 0x000000076ab00000)
  object space 175104K, 0% used [0x00000006c0000000,0x00000006c0000000,0x00000006cab00000)
 Metaspace       used 15020K, capacity 15658K, committed 15872K, reserved 1062912K
  class space    used 1797K, capacity 1989K, committed 2048K, reserved 1048576K
Event: 44.567 GC heap after
Heap after GC invocations=1 (full 0):
 PSYoungGen      total 76288K, used 10744K [0x000000076ab00000, 0x0000000770000000, 0x00000007c0000000)
  eden space 65536K, 0% used [0x000000076ab00000,0x000000076ab00000,0x000000076eb00000)
  from space 10752K, 99% used [0x000000076eb00000,0x000000076f57e240,0x000000076f580000)
  to   space 10752K, 0% used [0x000000076f580000,0x000000076f580000,0x0000000770000000)
 ParOldGen       total 175104K, used 1465K [0x00000006c0000000, 0x00000006cab00000, 0x000000076ab00000)
  object space 175104K, 0% used [0x00000006c0000000,0x00000006c016e6a0,0x00000006cab00000)
 Metaspace       used 15020K, capacity 15658K, committed 15872K, reserved 1062912K
  class space    used 1797K, capacity 1989K, committed 2048K, reserved 1048576K
}
Event: 98.859 GC heap before
{Heap before GC invocations=2 (full 0):
 PSYoungGen      total 76288K, used 76280K [0x000000076ab00000, 0x0000000770000000, 0x00000007c0000000)
  eden space 65536K, 100% used [0x000000076ab00000,0x000000076eb00000,0x000000076eb00000)
  from space 10752K, 99% used [0x000000076eb00000,0x000000076f57e240,0x000000076f580000)
  to   space 10752K, 0% used [0x000000076f580000,0x000000076f580000,0x0000000770000000)
 ParOldGen       total 175104K, used 1465K [0x00000006c0000000, 0x00000006cab00000, 0x000000076ab00000)
  object space 175104K, 0% used [0x00000006c0000000,0x00000006c016e6a0,0x00000006cab00000)
 Metaspace       used 15216K, capacity 15800K, committed 15872K, reserved 1062912K
  class space    used 1799K, capacity 1990K, committed 2048K, reserved 1048576K
Event: 98.903 GC heap after
Heap after GC invocations=2 (full 0):
 PSYoungGen      total 76288K, used 10750K [0x000000076ab00000, 0x0000000770000000, 0x00000007c0000000)
  eden space 65536K, 0% used [0x000000076ab00000,0x000000076ab00000,0x000000076eb00000)
  from space 10752K, 99% used [0x000000076f580000,0x000000076ffffa20,0x0000000770000000)
  to   space 10752K, 0% used [0x000000076eb00000,0x000000076eb00000,0x000000076f580000)
 ParOldGen       total 175104K, used 2574K [0x00000006c0000000, 0x00000006cab00000, 0x000000076ab00000)
  object space 175104K, 1% used [0x00000006c0000000,0x00000006c0283b40,0x00000006cab00000)
 Metaspace       used 15216K, capacity 15800K, committed 15872K, reserved 1062912K
  class space    used 1799K, capacity 1990K, committed 2048K, reserved 1048576K
}
Event: 127.835 GC heap before
{Heap before GC invocations=3 (full 0):
 PSYoungGen      total 76288K, used 63337K [0x000000076ab00000, 0x0000000770000000, 0x00000007c0000000)
  eden space 65536K, 80% used [0x000000076ab00000,0x000000076de5aa28,0x000000076eb00000)
  from space 10752K, 99% used [0x000000076f580000,0x000000076ffffa20,0x0000000770000000)
  to   space 10752K, 0% used [0x000000076eb00000,0x000000076eb00000,0x000000076f580000)
 ParOldGen       total 175104K, used 2574K [0x00000006c0000000, 0x00000006cab00000, 0x000000076ab00000)
  object space 175104K, 1% used [0x00000006c0000000,0x00000006c0283b40,0x00000006cab00000)
 Metaspace       used 20348K, capacity 21096K, committed 21296K, reserved 1067008K
  class space    used 2738K, capacity 2916K, committed 2944K, reserved 1048576K
Event: 127.867 GC heap after
Heap after GC invocations=3 (full 0):
 PSYoungGen      total 76288K, used 10727K [0x000000076ab00000, 0x0000000770000000, 0x00000007c0000000)
  eden space 65536K, 0% used [0x000000076ab00000,0x000000076ab00000,0x000000076eb00000)
  from space 10752K, 99% used [0x000000076eb00000,0x000000076f579d70,0x000000076f580000)
  to   space 10752K, 0% used [0x000000076f580000,0x000000076f580000,0x0000000770000000)
 ParOldGen       total 175104K, used 5632K [0x00000006c0000000, 0x00000006cab00000, 0x000000076ab00000)
  object space 175104K, 3% used [0x00000006c0000000,0x00000006c05800b0,0x00000006cab00000)
 Metaspace       used 20348K, capacity 21096K, committed 21296K, reserved 1067008K
  class space    used 2738K, capacity 2916K, committed 2944K, reserved 1048576K
}
Event: 127.867 GC heap before
{Heap before GC invocations=4 (full 1):
 PSYoungGen      total 76288K, used 10727K [0x000000076ab00000, 0x0000000770000000, 0x00000007c0000000)
  eden space 65536K, 0% used [0x000000076ab00000,0x000000076ab00000,0x000000076eb00000)
  from space 10752K, 99% used [0x000000076eb00000,0x000000076f579d70,0x000000076f580000)
  to   space 10752K, 0% used [0x000000076f580000,0x000000076f580000,0x0000000770000000)
 ParOldGen       total 175104K, used 5632K [0x00000006c0000000, 0x00000006cab00000, 0x000000076ab00000)
  object space 175104K, 3% used [0x00000006c0000000,0x00000006c05800b0,0x00000006cab00000)
 Metaspace       used 20348K, capacity 21096K, committed 21296K, reserved 1067008K
  class space    used 2738K, capacity 2916K, committed 2944K, reserved 1048576K
Event: 127.892 GC heap after
Heap after GC invocations=4 (full 1):
 PSYoungGen      total 76288K, used 0K [0x000000076ab00000, 0x0000000770000000, 0x00000007c0000000)
  eden space 65536K, 0% used [0x000000076ab00000,0x000000076ab00000,0x000000076eb00000)
  from space 10752K, 0% used [0x000000076eb00000,0x000000076eb00000,0x000000076f580000)
  to   space 10752K, 0% used [0x000000076f580000,0x000000076f580000,0x0000000770000000)
 ParOldGen       total 82944K, used 13859K [0x00000006c0000000, 0x00000006c5100000, 0x000000076ab00000)
  object space 82944K, 16% used [0x00000006c0000000,0x00000006c0d88e88,0x00000006c5100000)
 Metaspace       used 20348K, capacity 21096K, committed 21296K, reserved 1067008K
  class space    used 2738K, capacity 2916K, committed 2944K, reserved 1048576K
}

